M/app/build/intermediates/manifest_merge_blame_file/debug/manifest-merger-blame-debug-report.txt
1<?xml version="1.0" encoding="utf-8"?>
2<!--
3  ~ Copyright (c) 2015 Ha Duy Trung
4  ~
5  ~ Licensed under the Apache License, Version 2.0 (the "License");
6  ~ you may not use this file except in compliance with the License.
7  ~ You may obtain a copy of the License at
8  ~
9  ~     http://www.apache.org/licenses/LICENSE-2.0
10  ~
11  ~ Unless required by applicable law or agreed to in writing, software
12  ~ distributed under the License is distributed on an "AS IS" BASIS,
13  ~ WITHOUT WARRANTIES OR CONDITIONS OF ANY KIND, either express or implied.
14  ~ See the License for the specific language governing permissions and
15  ~ limitations under the License.
16-->
17<manifest xmlns:android="http://schemas.android.com/apk/res/android"
18    package="io.github.hidroh.materialistic"
19    android:versionCode="79"
20    android:versionName="3.3" >
21
22    <uses-sdk
22-->src\main\AndroidManifest.xml:37:5-58
23        android:minSdkVersion="21"
23-->src\main\AndroidManifest.xml:37:5-58
24        android:targetSdkVersion="30" />
24-->src\main\AndroidManifest.xml:37:5-58
25
26    <uses-permission
26-->src\main\AndroidManifest.xml:22:5-107
27        android:name="android.permission.AUTHENTICATE_ACCOUNTS"
27-->src\main\AndroidManifest.xml:22:22-77
28        android:maxSdkVersion="22" />
28-->src\main\AndroidManifest.xml:22:78-104
29    <uses-permission
29-->src\main\AndroidManifest.xml:23:5-98
30        android:name="android.permission.GET_ACCOUNTS"
30-->src\main\AndroidManifest.xml:23:22-68
31        android:maxSdkVersion="22" />
31-->src\main\AndroidManifest.xml:23:69-95
32    <uses-permission android:name="android.permission.INTERNET" />
32-->src\main\AndroidManifest.xml:24:5-67
32-->src\main\AndroidManifest.xml:24:22-64
33    <uses-permission android:name="android.permission.ACCESS_NETWORK_STATE" />
33-->src\main\AndroidManifest.xml:25:5-79
33-->src\main\AndroidManifest.xml:25:22-76
34    <uses-permission android:name="android.permission.READ_SYNC_SETTINGS" />
34-->src\main\AndroidManifest.xml:26:5-77
34-->src\main\AndroidManifest.xml:26:22-74
35    <uses-permission android:name="android.permission.WRITE_SYNC_SETTINGS" />
35-->src\main\AndroidManifest.xml:27:5-78
35-->src\main\AndroidManifest.xml:27:22-75
36    <uses-permission android:name="android.permission.VIBRATE" />
36-->src\main\AndroidManifest.xml:28:5-66
36-->src\main\AndroidManifest.xml:28:22-63
37
38    <permission
38-->src\main\AndroidManifest.xml:30:5-31:47
39        android:name="io.github.hidroh.materialistic.permission.SYNC_ITEM"
39-->src\main\AndroidManifest.xml:30:17-83
40        android:protectionLevel="signature" />
40-->src\main\AndroidManifest.xml:31:9-44
41    <permission
41-->src\main\AndroidManifest.xml:32:5-33:47
42        android:name="io.github.hidroh.materialistic.permission.AUTHENTICATE_ACCOUNTS"
42-->src\main\AndroidManifest.xml:32:17-95
43        android:protectionLevel="signature" />
43-->src\main\AndroidManifest.xml:33:9-44
44
45    <uses-permission android:name="io.github.hidroh.materialistic.permission.SYNC_ITEM" />
45-->src\main\AndroidManifest.xml:34:5-91
45-->src\main\AndroidManifest.xml:34:22-88
46    <uses-permission android:name="io.github.hidroh.materialistic.permission.AUTHENTICATE_ACCOUNTS" />
46-->src\main\AndroidManifest.xml:35:5-103
46-->src\main\AndroidManifest.xml:35:22-100
47
48    <application
48-->src\main\AndroidManifest.xml:39:5-321:19
49        android:name="io.github.hidroh.materialistic.Application"
49-->src\main\AndroidManifest.xml:40:9-36
50        android:allowBackup="true"
50-->src\main\AndroidManifest.xml:42:9-35
51        android:appComponentFactory="androidx.core.app.CoreComponentFactory"
51-->[androidx.core:core:1.5.0] AndroidManifest.xml:24:18-86
52        android:debuggable="true"
53        android:fullBackupContent="@xml/backup"
53-->src\main\AndroidManifest.xml:43:9-48
54        android:icon="@mipmap/ic_launcher"
54-->src\main\AndroidManifest.xml:44:9-43
55        android:label="@string/app_name"
55-->src\main\AndroidManifest.xml:46:9-41
56        android:networkSecurityConfig="@xml/network_security_config"
56-->src\main\AndroidManifest.xml:47:9-69
57        android:roundIcon="@mipmap/ic_launcher_round"
57-->src\main\AndroidManifest.xml:45:9-54
58        android:supportsRtl="false"
58-->src\main\AndroidManifest.xml:41:9-36
59        android:theme="@style/AppTheme" >
59-->src\main\AndroidManifest.xml:48:9-40
60        <activity
60-->src\main\AndroidManifest.xml:50:9-62:20
61            android:name="io.github.hidroh.materialistic.LauncherActivity"
61-->src\main\AndroidManifest.xml:51:13-45
62            android:exported="true"
62-->src\main\AndroidManifest.xml:53:13-36
63            android:theme="@android:style/Theme.NoDisplay" >
63-->src\main\AndroidManifest.xml:52:13-59
64            <intent-filter>
64-->src\main\AndroidManifest.xml:54:13-58:29
65                <action android:name="android.intent.action.MAIN" />
65-->src\main\AndroidManifest.xml:55:17-69
65-->src\main\AndroidManifest.xml:55:25-66
66
67                <category android:name="android.intent.category.LAUNCHER" />
67-->src\main\AndroidManifest.xml:57:17-77
67-->src\main\AndroidManifest.xml:57:27-74
68            </intent-filter>
69
70            <meta-data
70-->src\main\AndroidManifest.xml:59:13-61:53
71                android:name="android.app.shortcuts"
71-->src\main\AndroidManifest.xml:60:17-53
72                android:resource="@xml/shortcuts" />
72-->src\main\AndroidManifest.xml:61:17-50
73        </activity>
74        <activity
74-->src\main\AndroidManifest.xml:63:9-66:20
75            android:name="io.github.hidroh.materialistic.ListActivity"
75-->src\main\AndroidManifest.xml:64:13-41
76            android:label="@string/title_activity_list" >
76-->src\main\AndroidManifest.xml:65:13-56
77        </activity>
78        <activity
78-->src\main\AndroidManifest.xml:67:9-104:20
79            android:name="io.github.hidroh.materialistic.ItemActivity"
79-->src\main\AndroidManifest.xml:68:13-41
80            android:exported="true"
80-->src\main\AndroidManifest.xml:70:13-36
81            android:label="@string/title_activity_item" >
81-->src\main\AndroidManifest.xml:69:13-56
82            <intent-filter android:label="@string/filter_title_item" >
82-->src\main\AndroidManifest.xml:71:13-81:29
82-->src\main\AndroidManifest.xml:71:28-69
83                <action android:name="android.intent.action.VIEW" />
83-->src\main\AndroidManifest.xml:72:17-69
83-->src\main\AndroidManifest.xml:72:25-66
84
85                <category android:name="android.intent.category.DEFAULT" />
85-->src\main\AndroidManifest.xml:74:17-76
85-->src\main\AndroidManifest.xml:74:27-73
86                <category android:name="android.intent.category.BROWSABLE" />
86-->src\main\AndroidManifest.xml:75:17-78
86-->src\main\AndroidManifest.xml:75:27-75
87
88                <data
89                    android:host="news.ycombinator.com"
89-->src\main\AndroidManifest.xml:78:21-56
90                    android:pathPrefix="/item"
90-->src\main\AndroidManifest.xml:79:21-47
91                    android:scheme="https" />
91-->src\main\AndroidManifest.xml:80:21-43
92            </intent-filter>
93            <intent-filter android:label="@string/filter_title_item" >
93-->src\main\AndroidManifest.xml:82:13-92:29
93-->src\main\AndroidManifest.xml:82:28-69
94                <action android:name="android.intent.action.VIEW" />
94-->src\main\AndroidManifest.xml:72:17-69
94-->src\main\AndroidManifest.xml:72:25-66
95
96                <category android:name="android.intent.category.DEFAULT" />
96-->src\main\AndroidManifest.xml:74:17-76
96-->src\main\AndroidManifest.xml:74:27-73
97                <category android:name="android.intent.category.BROWSABLE" />
97-->src\main\AndroidManifest.xml:75:17-78
97-->src\main\AndroidManifest.xml:75:27-75
98
99                <data
100                    android:host="news.ycombinator.com"
100-->src\main\AndroidManifest.xml:78:21-56
101                    android:pathPrefix="/item"
101-->src\main\AndroidManifest.xml:79:21-47
102                    android:scheme="http" />
102-->src\main\AndroidManifest.xml:80:21-43
103            </intent-filter>
104            <intent-filter android:label="@string/filter_title_item" >
104-->src\main\AndroidManifest.xml:93:13-103:29
104-->src\main\AndroidManifest.xml:93:28-69
105                <action android:name="android.intent.action.VIEW" />
105-->src\main\AndroidManifest.xml:72:17-69
105-->src\main\AndroidManifest.xml:72:25-66
106
107                <category android:name="android.intent.category.DEFAULT" />
107-->src\main\AndroidManifest.xml:74:17-76
107-->src\main\AndroidManifest.xml:74:27-73
108                <category android:name="android.intent.category.BROWSABLE" />
108-->src\main\AndroidManifest.xml:75:17-78
108-->src\main\AndroidManifest.xml:75:27-75
109
110                <data
111                    android:host="item"
111-->src\main\AndroidManifest.xml:78:21-56
112                    android:pathPrefix="/"
112-->src\main\AndroidManifest.xml:79:21-47
113                    android:scheme="io.github.hidroh.materialistic" />
113-->src\main\AndroidManifest.xml:80:21-43
114            </intent-filter>
115        </activity>
116        <activity
116-->src\main\AndroidManifest.xml:105:9-115:20
117            android:name="io.github.hidroh.materialistic.FavoriteActivity"
117-->src\main\AndroidManifest.xml:106:13-45
118            android:exported="true"
118-->src\main\AndroidManifest.xml:109:13-36
119            android:label="@string/title_activity_favorite"
119-->src\main\AndroidManifest.xml:107:13-60
120            android:launchMode="singleTop" > <!-- required to get search intents -->
120-->src\main\AndroidManifest.xml:108:13-43
121            <meta-data
121-->src\main\AndroidManifest.xml:110:13-111:63
122                android:name="android.app.searchable"
122-->src\main\AndroidManifest.xml:110:24-61
123                android:resource="@xml/searchable_favorite" />
123-->src\main\AndroidManifest.xml:111:17-60
124
125            <intent-filter>
125-->src\main\AndroidManifest.xml:112:13-114:29
126                <action android:name="android.intent.action.SEARCH" />
126-->src\main\AndroidManifest.xml:113:17-71
126-->src\main\AndroidManifest.xml:113:25-68
127            </intent-filter>
128        </activity>
129        <activity
129-->src\main\AndroidManifest.xml:116:9-119:20
130            android:name="io.github.hidroh.materialistic.NewActivity"
130-->src\main\AndroidManifest.xml:117:13-40
131            android:label="@string/title_activity_new" >
131-->src\main\AndroidManifest.xml:118:13-55
132        </activity>
133        <activity
133-->src\main\AndroidManifest.xml:120:9-123:20
134            android:name="io.github.hidroh.materialistic.ShowActivity"
134-->src\main\AndroidManifest.xml:121:13-41
135            android:label="@string/title_activity_show" >
135-->src\main\AndroidManifest.xml:122:13-56
136        </activity>
137        <activity
137-->src\main\AndroidManifest.xml:124:9-127:20
138            android:name="io.github.hidroh.materialistic.AskActivity"
138-->src\main\AndroidManifest.xml:125:13-40
139            android:label="@string/title_activity_ask" >
139-->src\main\AndroidManifest.xml:126:13-55
140        </activity>
141        <activity
141-->src\main\AndroidManifest.xml:128:9-131:20
142            android:name="io.github.hidroh.materialistic.JobsActivity"
142-->src\main\AndroidManifest.xml:129:13-41
143            android:label="@string/title_activity_jobs" >
143-->src\main\AndroidManifest.xml:130:13-56
144        </activity>
145        <activity
145-->src\main\AndroidManifest.xml:132:9-135:20
146            android:name="io.github.hidroh.materialistic.BestActivity"
146-->src\main\AndroidManifest.xml:133:13-41
147            android:label="@string/title_activity_best" >
147-->src\main\AndroidManifest.xml:134:13-56
148        </activity>
149        <activity
149-->src\main\AndroidManifest.xml:136:9-139:20
150            android:name="io.github.hidroh.materialistic.PopularActivity"
150-->src\main\AndroidManifest.xml:137:13-44
151            android:label="@string/title_activity_popular" >
151-->src\main\AndroidManifest.xml:138:13-59
152        </activity>
153        <activity
153-->src\main\AndroidManifest.xml:140:9-149:20
154            android:name="io.github.hidroh.materialistic.SearchActivity"
154-->src\main\AndroidManifest.xml:141:13-43
155            android:exported="true"
155-->src\main\AndroidManifest.xml:143:13-36
156            android:label="@string/title_activity_search" >
156-->src\main\AndroidManifest.xml:142:13-58
157            <meta-data
157-->src\main\AndroidManifest.xml:110:13-111:63
158                android:name="android.app.searchable"
158-->src\main\AndroidManifest.xml:110:24-61
159                android:resource="@xml/searchable_stories" />
159-->src\main\AndroidManifest.xml:111:17-60
160
161            <intent-filter>
161-->src\main\AndroidManifest.xml:112:13-114:29
162                <action android:name="android.intent.action.SEARCH" />
162-->src\main\AndroidManifest.xml:113:17-71
162-->src\main\AndroidManifest.xml:113:25-68
163            </intent-filter>
164        </activity>
165        <activity
165-->src\main\AndroidManifest.xml:150:9-153:20
166            android:name="io.github.hidroh.materialistic.AboutActivity"
166-->src\main\AndroidManifest.xml:151:13-42
167            android:label="@string/title_activity_about" >
167-->src\main\AndroidManifest.xml:152:13-57
168        </activity>
169        <activity
169-->src\main\AndroidManifest.xml:154:9-163:20
170            android:name="io.github.hidroh.materialistic.SettingsActivity"
170-->src\main\AndroidManifest.xml:155:13-45
171            android:exported="true"
171-->src\main\AndroidManifest.xml:158:13-36
172            android:label="@string/action_settings"
172-->src\main\AndroidManifest.xml:156:13-52
173            android:permission="android.permission.WRITE_SECURE_SETTINGS" >
173-->src\main\AndroidManifest.xml:157:13-74
174            <intent-filter>
174-->src\main\AndroidManifest.xml:159:13-162:29
175                <action android:name="android.intent.action.APPLICATION_PREFERENCES" />
175-->src\main\AndroidManifest.xml:160:17-88
175-->src\main\AndroidManifest.xml:160:25-85
176
177                <category android:name="android.intent.category.DEFAULT" />
177-->src\main\AndroidManifest.xml:74:17-76
177-->src\main\AndroidManifest.xml:74:27-73
178            </intent-filter>
179        </activity>
180        <activity
180-->src\main\AndroidManifest.xml:164:9-167:20
181            android:name="io.github.hidroh.materialistic.PreferencesActivity"
181-->src\main\AndroidManifest.xml:165:13-48
182            android:label="@string/action_settings" >
182-->src\main\AndroidManifest.xml:166:13-52
183        </activity>
184        <activity android:name="io.github.hidroh.materialistic.OfflineWebActivity" />
184-->src\main\AndroidManifest.xml:168:9-169:50
184-->src\main\AndroidManifest.xml:169:13-47
185        <activity
185-->src\main\AndroidManifest.xml:170:9-173:53
186            android:name="io.github.hidroh.materialistic.ReleaseNotesActivity"
186-->src\main\AndroidManifest.xml:171:13-49
187            android:label="@string/title_activity_release"
187-->src\main\AndroidManifest.xml:172:13-59
188            android:theme="@style/AppAlertDialog" />
188-->src\main\AndroidManifest.xml:173:13-50
189        <activity
189-->src\main\AndroidManifest.xml:174:9-178:20
190            android:name="io.github.hidroh.materialistic.LoginActivity"
190-->src\main\AndroidManifest.xml:175:13-42
191            android:label="@string/title_activity_login"
191-->src\main\AndroidManifest.xml:176:13-57
192            android:theme="@style/AppAlertDialog" >
192-->src\main\AndroidManifest.xml:177:13-50
193        </activity>
194        <activity
194-->src\main\AndroidManifest.xml:179:9-182:20
195            android:name="io.github.hidroh.materialistic.FeedbackActivity"
195-->src\main\AndroidManifest.xml:180:13-45
196            android:theme="@style/AppAlertDialog" >
196-->src\main\AndroidManifest.xml:181:13-50
197        </activity>
198        <activity
198-->src\main\AndroidManifest.xml:183:9-192:20
199            android:name="io.github.hidroh.materialistic.SubmitActivity"
199-->src\main\AndroidManifest.xml:184:13-43
200            android:exported="true"
200-->src\main\AndroidManifest.xml:186:13-36
201            android:label="@string/title_activity_submit" >
201-->src\main\AndroidManifest.xml:185:13-58
202            <intent-filter>
202-->src\main\AndroidManifest.xml:187:13-191:29
203                <action android:name="android.intent.action.SEND" />
203-->src\main\AndroidManifest.xml:188:17-69
203-->src\main\AndroidManifest.xml:188:25-66
204
205                <category android:name="android.intent.category.DEFAULT" />
205-->src\main\AndroidManifest.xml:74:17-76
205-->src\main\AndroidManifest.xml:74:27-73
206
207                <data android:mimeType="text/plain" />
207-->src\main\AndroidManifest.xml:190:23-52
208            </intent-filter>
209        </activity>
210        <activity
210-->src\main\AndroidManifest.xml:193:9-196:20
211            android:name="io.github.hidroh.materialistic.ComposeActivity"
211-->src\main\AndroidManifest.xml:194:13-44
212            android:label="@string/title_activity_compose" >
212-->src\main\AndroidManifest.xml:195:13-59
213        </activity>
214        <activity
214-->src\main\AndroidManifest.xml:197:9-235:20
215            android:name="io.github.hidroh.materialistic.UserActivity"
215-->src\main\AndroidManifest.xml:198:13-41
216            android:exported="true"
216-->src\main\AndroidManifest.xml:201:13-36
217            android:label="@string/title_activity_user"
217-->src\main\AndroidManifest.xml:199:13-56
218            android:theme="@style/AppTheme.Translucent" >
218-->src\main\AndroidManifest.xml:200:13-56
219            <intent-filter android:label="@string/filter_title_item" >
219-->src\main\AndroidManifest.xml:202:13-212:29
219-->src\main\AndroidManifest.xml:202:28-69
220                <action android:name="android.intent.action.VIEW" />
220-->src\main\AndroidManifest.xml:72:17-69
220-->src\main\AndroidManifest.xml:72:25-66
221
222                <category android:name="android.intent.category.DEFAULT" />
222-->src\main\AndroidManifest.xml:74:17-76
222-->src\main\AndroidManifest.xml:74:27-73
223                <category android:name="android.intent.category.BROWSABLE" />
223-->src\main\AndroidManifest.xml:75:17-78
223-->src\main\AndroidManifest.xml:75:27-75
224
225                <data
226                    android:host="news.ycombinator.com"
226-->src\main\AndroidManifest.xml:78:21-56
227                    android:pathPrefix="/user"
227-->src\main\AndroidManifest.xml:79:21-47
228                    android:scheme="https" />
228-->src\main\AndroidManifest.xml:80:21-43
229            </intent-filter>
230            <intent-filter android:label="@string/filter_title_item" >
230-->src\main\AndroidManifest.xml:213:13-223:29
230-->src\main\AndroidManifest.xml:213:28-69
231                <action android:name="android.intent.action.VIEW" />
231-->src\main\AndroidManifest.xml:72:17-69
231-->src\main\AndroidManifest.xml:72:25-66
232
233                <category android:name="android.intent.category.DEFAULT" />
233-->src\main\AndroidManifest.xml:74:17-76
233-->src\main\AndroidManifest.xml:74:27-73
234                <category android:name="android.intent.category.BROWSABLE" />
234-->src\main\AndroidManifest.xml:75:17-78
234-->src\main\AndroidManifest.xml:75:27-75
235
236                <data
237                    android:host="news.ycombinator.com"
237-->src\main\AndroidManifest.xml:78:21-56
238                    android:pathPrefix="/user"
238-->src\main\AndroidManifest.xml:79:21-47
239                    android:scheme="http" />
239-->src\main\AndroidManifest.xml:80:21-43
240            </intent-filter>
241            <intent-filter android:label="@string/title_activity_user" >
241-->src\main\AndroidManifest.xml:224:13-234:29
241-->src\main\AndroidManifest.xml:224:28-71
242                <action android:name="android.intent.action.VIEW" />
242-->src\main\AndroidManifest.xml:72:17-69
242-->src\main\AndroidManifest.xml:72:25-66
243
244                <category android:name="android.intent.category.DEFAULT" />
244-->src\main\AndroidManifest.xml:74:17-76
244-->src\main\AndroidManifest.xml:74:27-73
245                <category android:name="android.intent.category.BROWSABLE" />
245-->src\main\AndroidManifest.xml:75:17-78
245-->src\main\AndroidManifest.xml:75:27-75
246
247                <data
248                    android:host="user"
248-->src\main\AndroidManifest.xml:78:21-56
249                    android:pathPrefix="/"
249-->src\main\AndroidManifest.xml:79:21-47
250                    android:scheme="io.github.hidroh.materialistic" />
250-->src\main\AndroidManifest.xml:80:21-43
251            </intent-filter>
252        </activity>
253        <activity
253-->src\main\AndroidManifest.xml:236:9-240:20
254            android:name="io.github.hidroh.materialistic.ThreadPreviewActivity"
254-->src\main\AndroidManifest.xml:237:13-50
255            android:label="@string/title_activity_thread_preview"
255-->src\main\AndroidManifest.xml:238:13-66
256            android:theme="@style/AppAlertDialog" >
256-->src\main\AndroidManifest.xml:239:13-50
257        </activity>
258        <activity
258-->src\main\AndroidManifest.xml:241:9-248:20
259            android:name="io.github.hidroh.materialistic.appwidget.WidgetConfigActivity"
259-->src\main\AndroidManifest.xml:242:13-59
260            android:exported="true"
260-->src\main\AndroidManifest.xml:244:13-36
261            android:theme="@style/AppAlertDialog" >
261-->src\main\AndroidManifest.xml:243:13-50
262            <intent-filter>
262-->src\main\AndroidManifest.xml:245:13-247:29
263                <action android:name="android.appwidget.action.APPWIDGET_CONFIGURE" />
263-->src\main\AndroidManifest.xml:246:17-87
263-->src\main\AndroidManifest.xml:246:25-84
264            </intent-filter>
265        </activity>
266
267        <service
267-->src\main\AndroidManifest.xml:249:9-258:19
268            android:name="io.github.hidroh.materialistic.accounts.AuthenticatorService"
268-->src\main\AndroidManifest.xml:249:18-63
269            android:exported="true"
269-->src\main\AndroidManifest.xml:251:13-36
270            android:permission="io.github.hidroh.materialistic.permission.AUTHENTICATE_ACCOUNTS" >
270-->src\main\AndroidManifest.xml:250:13-97
271            <intent-filter>
271-->src\main\AndroidManifest.xml:252:13-254:29
272                <action android:name="android.accounts.AccountAuthenticator" />
272-->src\main\AndroidManifest.xml:253:17-80
272-->src\main\AndroidManifest.xml:253:25-77
273            </intent-filter>
274
275            <meta-data
275-->src\main\AndroidManifest.xml:255:13-257:57
276                android:name="android.accounts.AccountAuthenticator"
276-->src\main\AndroidManifest.xml:256:17-69
277                android:resource="@xml/authenticator" />
277-->src\main\AndroidManifest.xml:257:17-54
278        </service>
279        <service
279-->src\main\AndroidManifest.xml:259:9-268:19
280            android:name="io.github.hidroh.materialistic.data.ItemSyncService"
280-->src\main\AndroidManifest.xml:259:18-54
281            android:exported="true"
281-->src\main\AndroidManifest.xml:262:13-36
282            android:permission="io.github.hidroh.materialistic.permission.SYNC_ITEM"
282-->src\main\AndroidManifest.xml:261:13-85
283            android:process=":sync" >
283-->src\main\AndroidManifest.xml:260:13-36
284            <intent-filter>
284-->src\main\AndroidManifest.xml:263:13-265:29
285                <action android:name="android.content.SyncAdapter" />
285-->src\main\AndroidManifest.xml:264:17-70
285-->src\main\AndroidManifest.xml:264:25-67
286            </intent-filter>
287
288            <meta-data
288-->src\main\AndroidManifest.xml:266:13-267:55
289                android:name="android.content.SyncAdapter"
289-->src\main\AndroidManifest.xml:266:24-66
290                android:resource="@xml/syncadapter" />
290-->src\main\AndroidManifest.xml:267:17-52
291        </service>
292        <service
292-->src\main\AndroidManifest.xml:269:9-272:39
293            android:name="io.github.hidroh.materialistic.data.ItemSyncJobService"
293-->src\main\AndroidManifest.xml:270:13-52
294            android:exported="true"
294-->src\main\AndroidManifest.xml:272:13-36
295            android:permission="android.permission.BIND_JOB_SERVICE" />
295-->src\main\AndroidManifest.xml:271:13-69
296        <service
296-->src\main\AndroidManifest.xml:273:9-276:39
297            android:name="io.github.hidroh.materialistic.appwidget.WidgetRefreshJobService"
297-->src\main\AndroidManifest.xml:274:13-62
298            android:exported="true"
298-->src\main\AndroidManifest.xml:276:13-36
299            android:permission="android.permission.BIND_JOB_SERVICE" />
299-->src\main\AndroidManifest.xml:275:13-69
300        <service
300-->src\main\AndroidManifest.xml:277:9-279:72
301            android:name="io.github.hidroh.materialistic.appwidget.WidgetService"
301-->src\main\AndroidManifest.xml:278:13-52
302            android:permission="android.permission.BIND_REMOTEVIEWS" />
302-->src\main\AndroidManifest.xml:279:13-69
303        <service
303-->src\main\AndroidManifest.xml:280:9-282:40
304            android:name="io.github.hidroh.materialistic.data.WebCacheService"
304-->src\main\AndroidManifest.xml:281:13-49
305            android:exported="false" />
305-->src\main\AndroidManifest.xml:282:13-37
306
307        <provider
307-->src\main\AndroidManifest.xml:283:9-286:40
308            android:name="io.github.hidroh.materialistic.data.SyncContentProvider"
308-->src\main\AndroidManifest.xml:285:13-53
309            android:authorities="io.github.hidroh.materialistic.syncprovider"
309-->src\main\AndroidManifest.xml:284:13-78
310            android:exported="false" />
310-->src\main\AndroidManifest.xml:286:13-37
311        <provider
311-->src\main\AndroidManifest.xml:287:9-290:40
312            android:name="io.github.hidroh.materialistic.data.SearchRecentSuggestionsProvider"
312-->src\main\AndroidManifest.xml:289:13-65
313            android:authorities="io.github.hidroh.materialistic.recentprovider"
313-->src\main\AndroidManifest.xml:288:13-80
314            android:exported="false" />
314-->src\main\AndroidManifest.xml:290:13-37
315        <provider
315-->src\main\AndroidManifest.xml:291:9-299:20
316            android:name="androidx.core.content.FileProvider"
316-->src\main\AndroidManifest.xml:293:13-62
317            android:authorities="io.github.hidroh.materialistic.fileprovider"
317-->src\main\AndroidManifest.xml:292:13-78
318            android:exported="false"
318-->src\main\AndroidManifest.xml:294:13-37
319            android:grantUriPermissions="true" >
319-->src\main\AndroidManifest.xml:295:13-47
320            <meta-data
320-->src\main\AndroidManifest.xml:296:13-298:54
321                android:name="android.support.FILE_PROVIDER_PATHS"
321-->src\main\AndroidManifest.xml:297:17-67
322                android:resource="@xml/file_paths" />
322-->src\main\AndroidManifest.xml:298:17-51
323        </provider>
324
325        <receiver
325-->src\main\AndroidManifest.xml:300:9-307:20
326            android:name="io.github.hidroh.materialistic.data.ItemSyncWifiReceiver"
326-->src\main\AndroidManifest.xml:300:19-60
327            android:exported="true" >
327-->src\main\AndroidManifest.xml:301:13-36
328            <intent-filter>
328-->src\main\AndroidManifest.xml:302:13-306:29
329                <action android:name="android.net.conn.CONNECTIVITY_CHANGE" />
329-->src\main\AndroidManifest.xml:303:17-305:49
329-->src\main\AndroidManifest.xml:304:21-72
330            </intent-filter>
331        </receiver>
332        <receiver
332-->src\main\AndroidManifest.xml:308:9-320:20
333            android:name="io.github.hidroh.materialistic.appwidget.WidgetProvider"
333-->src\main\AndroidManifest.xml:309:13-53
334            android:exported="true" >
334-->src\main\AndroidManifest.xml:311:13-36
335            <intent-filter>
335-->src\main\AndroidManifest.xml:312:13-314:29
336                <action android:name="io.github.hidroh.materialistic.ACTION_REFRESH_WIDGET" />
336-->src\main\AndroidManifest.xml:313:17-95
336-->src\main\AndroidManifest.xml:313:25-92
337            </intent-filter>
338            <intent-filter>
338-->src\main\AndroidManifest.xml:315:13-317:29
339                <action android:name="android.appwidget.action.APPWIDGET_UPDATE" />
339-->src\main\AndroidManifest.xml:316:17-84
339-->src\main\AndroidManifest.xml:316:25-81
340            </intent-filter>
341
342            <meta-data
342-->src\main\AndroidManifest.xml:318:13-319:65
343                android:name="android.appwidget.provider"
343-->src\main\AndroidManifest.xml:318:24-65
344                android:resource="@xml/appwidget_info" />
344-->src\main\AndroidManifest.xml:319:24-62
345        </receiver>
346
347        <service
347-->[androidx.room:room-runtime:2.3.0] AndroidManifest.xml:25:9-28:40
348            android:name="androidx.room.MultiInstanceInvalidationService"
348-->[androidx.room:room-runtime:2.3.0] AndroidManifest.xml:26:13-74
349            android:directBootAware="true"
349-->[androidx.room:room-runtime:2.3.0] AndroidManifest.xml:27:13-43
350            android:exported="false" />
350-->[androidx.room:room-runtime:2.3.0] AndroidManifest.xml:28:13-37
351    </application>
352
353</manifest>